{"numTotalTestSuites":4,"numPassedTestSuites":4,"numFailedTestSuites":0,"numPendingTestSuites":0,"numTotalTests":19,"numPassedTests":19,"numFailedTests":0,"numPendingTests":0,"numTodoTests":0,"snapshot":{"added":0,"failure":false,"filesAdded":0,"filesRemoved":0,"filesRemovedList":[],"filesUnmatched":0,"filesUpdated":0,"matched":0,"total":0,"unchecked":0,"uncheckedKeysByFile":[],"unmatched":0,"updated":0,"didUpdate":false},"startTime":1771504683602,"success":true,"testResults":[{"assertionResults":[{"ancestorTitles":["exportToCsv"],"fullName":"exportToCsv should call URL.createObjectURL with a Blob","status":"passed","title":"should call URL.createObjectURL with a Blob","duration":1.1245000000000118,"failureMessages":[],"meta":{}},{"ancestorTitles":["exportToCsv"],"fullName":"exportToCsv should set correct filename with .csv extension","status":"passed","title":"should set correct filename with .csv extension","duration":0.5285000000000082,"failureMessages":[],"meta":{}},{"ancestorTitles":["exportToCsv"],"fullName":"exportToCsv should trigger anchor click","status":"passed","title":"should trigger anchor click","duration":0.27545899999995527,"failureMessages":[],"meta":{}},{"ancestorTitles":["exportToCsv"],"fullName":"exportToCsv should revoke object URL after click","status":"passed","title":"should revoke object URL after click","duration":0.8970419999999422,"failureMessages":[],"meta":{}},{"ancestorTitles":["exportToCsv"],"fullName":"exportToCsv should produce correct CSV header row","status":"passed","title":"should produce correct CSV header row","duration":0.45887500000003456,"failureMessages":[],"meta":{}},{"ancestorTitles":["exportToCsv"],"fullName":"exportToCsv should produce correct CSV data rows","status":"passed","title":"should produce correct CSV data rows","duration":0.24920799999995324,"failureMessages":[],"meta":{}},{"ancestorTitles":["exportToCsv"],"fullName":"exportToCsv should escape double quotes in cell values","status":"passed","title":"should escape double quotes in cell values","duration":0.19379200000003038,"failureMessages":[],"meta":{}},{"ancestorTitles":["exportToCsv"],"fullName":"exportToCsv should use custom format function when provided","status":"passed","title":"should use custom format function when provided","duration":0.2989579999999705,"failureMessages":[],"meta":{}},{"ancestorTitles":["exportToCsv"],"fullName":"exportToCsv should handle empty rows array — only header","status":"passed","title":"should handle empty rows array — only header","duration":0.5227909999999838,"failureMessages":[],"meta":{}},{"ancestorTitles":["exportToCsv"],"fullName":"exportToCsv should include BOM character for Excel UTF-8 compatibility","status":"passed","title":"should include BOM character for Excel UTF-8 compatibility","duration":0.2899170000000595,"failureMessages":[],"meta":{}},{"ancestorTitles":["exportToCsv"],"fullName":"exportToCsv should handle null/undefined values as empty string","status":"passed","title":"should handle null/undefined values as empty string","duration":0.16658300000005966,"failureMessages":[],"meta":{}}],"startTime":1771504684486,"endTime":1771504684491.29,"status":"passed","message":"","name":"/Users/veysel.aydogdu/Desktop/WebProjects/iStudy/istudy-backend/frontend-admin/tests/unit/exportUtils.test.ts"},{"assertionResults":[{"ancestorTitles":["useDebounce"],"fullName":"useDebounce should return initial value immediately","status":"passed","title":"should return initial value immediately","duration":7.850332999999978,"failureMessages":[],"meta":{}},{"ancestorTitles":["useDebounce"],"fullName":"useDebounce should not update immediately on value change","status":"passed","title":"should not update immediately on value change","duration":1.9345420000000786,"failureMessages":[],"meta":{}},{"ancestorTitles":["useDebounce"],"fullName":"useDebounce should update after delay","status":"passed","title":"should update after delay","duration":2.3857920000000377,"failureMessages":[],"meta":{}},{"ancestorTitles":["useDebounce"],"fullName":"useDebounce should not update before delay expires","status":"passed","title":"should not update before delay expires","duration":0.9695830000000569,"failureMessages":[],"meta":{}},{"ancestorTitles":["useDebounce"],"fullName":"useDebounce should reset timer on rapid value changes","status":"passed","title":"should reset timer on rapid value changes","duration":1.53712500000006,"failureMessages":[],"meta":{}},{"ancestorTitles":["useDebounce"],"fullName":"useDebounce should use default delay of 400ms","status":"passed","title":"should use default delay of 400ms","duration":0.7069999999999936,"failureMessages":[],"meta":{}},{"ancestorTitles":["useDebounce"],"fullName":"useDebounce should work with number type","status":"passed","title":"should work with number type","duration":0.6654160000000502,"failureMessages":[],"meta":{}},{"ancestorTitles":["useDebounce"],"fullName":"useDebounce should work with object type","status":"passed","title":"should work with object type","duration":0.8589580000000296,"failureMessages":[],"meta":{}}],"startTime":1771504684565,"endTime":1771504684581.859,"status":"passed","message":"","name":"/Users/veysel.aydogdu/Desktop/WebProjects/iStudy/istudy-backend/frontend-admin/tests/unit/useDebounce.test.ts"}]}